<?xml version="1.0" encoding="utf-8"?><testsuites name="pytest tests"><testsuite name="pytest" errors="0" failures="0" skipped="0" tests="27" time="33.523" timestamp="2026-09-13T05:39:09.518590+00:00" hostname="agent-env-25c9f485-2420-4b2c-9111-66c18068b139"><testcase classname="tests.test_content_api" name="test_root" time="0.442" /><testcase classname="tests.test_tts_api" name="test_known_slug_returns_mp3[dog]" time="0.610" /><testcase classname="tests.test_content_api" name="test_content_returns_seven_topics" time="0.091" /><testcase classname="tests.test_content_api" name="test_content_item_counts" time="0.082" /><testcase classname="tests.test_tts_api" name="test_known_slug_returns_mp3[ice-cream]" time="0.318" /><testcase classname="tests.test_content_api" name="test_new_topics_item_shape" time="0.082" /><testcase classname="tests.test_content_api" name="test_content_no_mongo_id" time="0.081" /><testcase classname="tests.test_content_api" name="test_topics_lightweight" time="0.081" /><testcase classname="tests.test_content_api" name="test_topic_by_id_body" time="0.083" /><testcase classname="tests.test_tts_api" name="test_known_slug_returns_mp3[one-hundred]" time="0.277" /><testcase classname="tests.test_content_api" name="test_topic_by_id_clothes" time="0.079" /><testcase classname="tests.test_content_api" name="test_topic_by_id_nature" time="0.080" /><testcase classname="tests.test_content_api" name="test_topic_by_id_404" time="0.082" /><testcase classname="tests.test_tts_api" name="test_known_slug_returns_mp3[twenty-one]" time="0.304" /><testcase classname="tests.test_tts_api" name="test_known_slug_returns_mp3[high-heels]" time="27.969" /><testcase classname="tests.test_tts_api" name="test_known_slug_returns_mp3[red]" time="0.599" /><testcase classname="tests.test_tts_api" name="test_known_slug_returns_mp3[seven]" time="0.269" /><testcase classname="tests.test_tts_api" name="test_known_slug_returns_mp3[giraffe]" time="0.246" /><testcase classname="tests.test_tts_api" name="test_known_slug_returns_mp3[pizza]" time="0.316" /><testcase classname="tests.test_tts_api" name="test_known_slug_returns_mp3[watermelon]" time="0.277" /><testcase classname="tests.test_tts_api" name="test_known_slug_returns_mp3[purple]" time="0.336" /><testcase classname="tests.test_tts_api" name="test_known_slug_returns_mp3[tongue]" time="0.263" /><testcase classname="tests.test_tts_api" name="test_known_slug_returns_mp3[sunglasses]" time="0.296" /><testcase classname="tests.test_tts_api" name="test_known_slug_returns_mp3[volcano]" time="0.268" /><testcase classname="tests.test_tts_api" name="test_known_slug_returns_mp3[eleven]" time="0.269" /><testcase classname="tests.test_tts_api" name="test_known_slug_returns_mp3[ninety]" time="0.276" /><testcase classname="tests.test_tts_api" name="test_unknown_slug_returns_404" time="0.092" /></testsuite></testsuites>