<?xml version="1.0" encoding="utf-8"?><testsuites name="pytest tests"><testsuite name="pytest" errors="0" failures="0" skipped="0" tests="10" time="1.420" timestamp="2026-09-12T18:40:25.714278+00:00" hostname="agent-env-25c9f485-2420-4b2c-9111-66c18068b139"><testcase classname="tests.test_content_api" name="test_root" time="0.227" /><testcase classname="tests.test_content_api" name="test_content_returns_seven_topics" time="0.076" /><testcase classname="tests.test_content_api" name="test_content_item_counts" time="0.069" /><testcase classname="tests.test_content_api" name="test_new_topics_item_shape" time="0.073" /><testcase classname="tests.test_content_api" name="test_content_no_mongo_id" time="0.070" /><testcase classname="tests.test_content_api" name="test_topics_lightweight" time="0.099" /><testcase classname="tests.test_content_api" name="test_topic_by_id_body" time="0.076" /><testcase classname="tests.test_content_api" name="test_topic_by_id_clothes" time="0.067" /><testcase classname="tests.test_content_api" name="test_topic_by_id_nature" time="0.072" /><testcase classname="tests.test_content_api" name="test_topic_by_id_404" time="0.068" /></testsuite></testsuites>